This file contains any messages produced by compilers while
running configure, to aid debugging if configure makes a mistake.

It was created by libiconv configure 0, which was
generated by GNU Autoconf 2.69.  Invocation command line was

  $ ./configure --disable-option-checking --prefix=/usr/local --cache-file=/dev/null --srcdir=.

## --------- ##
## Platform. ##
## --------- ##

hostname = cloud
uname -m = x86_64
uname -r = 3.19.0-25-generic
uname -s = Linux
uname -v = #26~14.04.1-Ubuntu SMP Fri Jul 24 21:16:20 UTC 2015

/usr/bin/uname -p = unknown
/bin/uname -X     = unknown

/bin/arch              = unknown
/usr/bin/arch -k       = unknown
/usr/convex/getsysinfo = unknown
/usr/bin/hostinfo      = unknown
/bin/machine           = unknown
/usr/bin/oslevel       = unknown
/bin/universe          = unknown

PATH: /home/admin/works/jdk-1-8-0-121/bin
PATH: /usr/local/sbin
PATH: /usr/local/bin
PATH: /usr/sbin
PATH: /usr/bin
PATH: /sbin
PATH: /bin
PATH: /usr/games
PATH: /usr/local/games


## ----------- ##
## Core tests. ##
## ----------- ##

configure:2198: checking whether make sets $(MAKE)
configure:2224: result: no
configure:2279: checking for gcc
configure:2295: found /usr/bin/gcc
configure:2306: result: gcc
configure:2535: checking for C compiler version
configure:2544: gcc --version >&5
gcc (Ubuntu 4.8.4-2ubuntu1~14.04.3) 4.8.4
Copyright (C) 2013 Free Software Foundation, Inc.
This is free software; see the source for copying conditions.  There is NO
warranty; not even for MERCHANTABILITY or FITNESS FOR A PARTICULAR PURPOSE.

configure:2555: $? = 0
configure:2544: gcc -v >&5
Using built-in specs.
COLLECT_GCC=gcc
COLLECT_LTO_WRAPPER=/usr/lib/gcc/x86_64-linux-gnu/4.8/lto-wrapper
Target: x86_64-linux-gnu
Configured with: ../src/configure -v --with-pkgversion='Ubuntu 4.8.4-2ubuntu1~14.04.3' --with-bugurl=file:///usr/share/doc/gcc-4.8/README.Bugs --enable-languages=c,c++,java,go,d,fortran,objc,obj-c++ --prefix=/usr --program-suffix=-4.8 --enable-shared --enable-linker-build-id --libexecdir=/usr/lib --without-included-gettext --enable-threads=posix --with-gxx-include-dir=/usr/include/c++/4.8 --libdir=/usr/lib --enable-nls --with-sysroot=/ --enable-clocale=gnu --enable-libstdcxx-debug --enable-libstdcxx-time=yes --enable-gnu-unique-object --disable-libmudflap --enable-plugin --with-system-zlib --disable-browser-plugin --enable-java-awt=gtk --enable-gtk-cairo --with-java-home=/usr/lib/jvm/java-1.5.0-gcj-4.8-amd64/jre --enable-java-home --with-jvm-root-dir=/usr/lib/jvm/java-1.5.0-gcj-4.8-amd64 --with-jvm-jar-dir=/usr/lib/jvm-exports/java-1.5.0-gcj-4.8-amd64 --with-arch-directory=amd64 --with-ecj-jar=/usr/share/java/eclipse-ecj.jar --enable-objc-gc --enable-multiarch --disable-werror --with-arch-32=i686 --with-abi=m64 --with-multilib-list=m32,m64,mx32 --with-tune=generic --enable-checking=release --build=x86_64-linux-gnu --host=x86_64-linux-gnu --target=x86_64-linux-gnu
Thread model: posix
gcc version 4.8.4 (Ubuntu 4.8.4-2ubuntu1~14.04.3) 
configure:2555: $? = 0
configure:2544: gcc -V >&5
gcc: error: unrecognized command line option '-V'
gcc: fatal error: no input files
compilation terminated.
configure:2555: $? = 4
configure:2544: gcc -qversion >&5
gcc: error: unrecognized command line option '-qversion'
gcc: fatal error: no input files
compilation terminated.
configure:2555: $? = 4
configure:2575: checking whether the C compiler works
configure:2597: gcc    conftest.c  >&5
configure:2601: $? = 0
configure:2649: result: yes
configure:2652: checking for C compiler default output file name
configure:2654: result: a.out
configure:2660: checking for suffix of executables
configure:2667: gcc -o conftest    conftest.c  >&5
configure:2671: $? = 0
configure:2693: result: 
configure:2715: checking whether we are cross compiling
configure:2723: gcc -o conftest    conftest.c  >&5
configure:2727: $? = 0
configure:2734: ./conftest
configure:2738: $? = 0
configure:2753: result: no
configure:2758: checking for suffix of object files
configure:2780: gcc -c   conftest.c >&5
configure:2784: $? = 0
configure:2805: result: o
configure:2809: checking whether we are using the GNU C compiler
configure:2828: gcc -c   conftest.c >&5
configure:2828: $? = 0
configure:2837: result: yes
configure:2846: checking whether gcc accepts -g
configure:2866: gcc -c -g  conftest.c >&5
configure:2866: $? = 0
configure:2907: result: yes
configure:2924: checking for gcc option to accept ISO C89
configure:2987: gcc  -c -g -O2  conftest.c >&5
configure:2987: $? = 0
configure:3000: result: none needed
configure:3025: checking how to run the C preprocessor
configure:3056: gcc -E  conftest.c
configure:3056: $? = 0
configure:3070: gcc -E  conftest.c
conftest.c:9:28: fatal error: ac_nonexistent.h: No such file or directory
 #include <ac_nonexistent.h>
                            ^
compilation terminated.
configure:3070: $? = 1
configure: failed program was:
| /* confdefs.h */
| #define PACKAGE_NAME "libiconv"
| #define PACKAGE_TARNAME "libiconv"
| #define PACKAGE_VERSION "0"
| #define PACKAGE_STRING "libiconv 0"
| #define PACKAGE_BUGREPORT ""
| #define PACKAGE_URL ""
| /* end confdefs.h.  */
| #include <ac_nonexistent.h>
configure:3095: result: gcc -E
configure:3115: gcc -E  conftest.c
configure:3115: $? = 0
configure:3129: gcc -E  conftest.c
conftest.c:9:28: fatal error: ac_nonexistent.h: No such file or directory
 #include <ac_nonexistent.h>
                            ^
compilation terminated.
configure:3129: $? = 1
configure: failed program was:
| /* confdefs.h */
| #define PACKAGE_NAME "libiconv"
| #define PACKAGE_TARNAME "libiconv"
| #define PACKAGE_VERSION "0"
| #define PACKAGE_STRING "libiconv 0"
| #define PACKAGE_BUGREPORT ""
| #define PACKAGE_URL ""
| /* end confdefs.h.  */
| #include <ac_nonexistent.h>
configure:3171: checking for a BSD-compatible install
configure:3239: result: /usr/bin/install -c
configure:3256: checking build system type
configure:3270: result: x86_64-pc-linux-gnu
configure:3290: checking host system type
configure:3303: result: x86_64-pc-linux-gnu
configure:3326: checking whether to activate relocatable installation
configure:3341: result: no
configure:3367: checking whether ln -s works
configure:3371: result: yes
configure:3382: checking for grep that handles long lines and -e
configure:3440: result: /bin/grep
configure:3445: checking for egrep
configure:3507: result: /bin/grep -E
configure:3512: checking for ANSI C header files
configure:3532: gcc -c -g -O2  conftest.c >&5
configure:3532: $? = 0
configure:3605: gcc -o conftest -g -O2   conftest.c  >&5
configure:3605: $? = 0
configure:3605: ./conftest
configure:3605: $? = 0
configure:3616: result: yes
configure:3629: checking for sys/types.h
configure:3629: gcc -c -g -O2  conftest.c >&5
configure:3629: $? = 0
configure:3629: result: yes
configure:3629: checking for sys/stat.h
configure:3629: gcc -c -g -O2  conftest.c >&5
configure:3629: $? = 0
configure:3629: result: yes
configure:3629: checking for stdlib.h
configure:3629: gcc -c -g -O2  conftest.c >&5
configure:3629: $? = 0
configure:3629: result: yes
configure:3629: checking for string.h
configure:3629: gcc -c -g -O2  conftest.c >&5
configure:3629: $? = 0
configure:3629: result: yes
configure:3629: checking for memory.h
configure:3629: gcc -c -g -O2  conftest.c >&5
configure:3629: $? = 0
configure:3629: result: yes
configure:3629: checking for strings.h
configure:3629: gcc -c -g -O2  conftest.c >&5
configure:3629: $? = 0
configure:3629: result: yes
configure:3629: checking for inttypes.h
configure:3629: gcc -c -g -O2  conftest.c >&5
configure:3629: $? = 0
configure:3629: result: yes
configure:3629: checking for stdint.h
configure:3629: gcc -c -g -O2  conftest.c >&5
configure:3629: $? = 0
configure:3629: result: yes
configure:3629: checking for unistd.h
configure:3629: gcc -c -g -O2  conftest.c >&5
configure:3629: $? = 0
configure:3629: result: yes
configure:3642: checking minix/config.h usability
configure:3642: gcc -c -g -O2  conftest.c >&5
conftest.c:53:26: fatal error: minix/config.h: No such file or directory
 #include <minix/config.h>
                          ^
compilation terminated.
configure:3642: $? = 1
configure: failed program was:
| /* confdefs.h */
| #define PACKAGE_NAME "libiconv"
| #define PACKAGE_TARNAME "libiconv"
| #define PACKAGE_VERSION "0"
| #define PACKAGE_STRING "libiconv 0"
| #define PACKAGE_BUGREPORT ""
| #define PACKAGE_URL ""
| #define INSTALLPREFIX "/usr/local"
| #define STDC_HEADERS 1
| #define HAVE_SYS_TYPES_H 1
| #define HAVE_SYS_STAT_H 1
| #define HAVE_STDLIB_H 1
| #define HAVE_STRING_H 1
| #define HAVE_MEMORY_H 1
| #define HAVE_STRINGS_H 1
| #define HAVE_INTTYPES_H 1
| #define HAVE_STDINT_H 1
| #define HAVE_UNISTD_H 1
| /* end confdefs.h.  */
| #include <stdio.h>
| #ifdef HAVE_SYS_TYPES_H
| # include <sys/types.h>
| #endif
| #ifdef HAVE_SYS_STAT_H
| # include <sys/stat.h>
| #endif
| #ifdef STDC_HEADERS
| # include <stdlib.h>
| # include <stddef.h>
| #else
| # ifdef HAVE_STDLIB_H
| #  include <stdlib.h>
| # endif
| #endif
| #ifdef HAVE_STRING_H
| # if !defined STDC_HEADERS && defined HAVE_MEMORY_H
| #  include <memory.h>
| # endif
| # include <string.h>
| #endif
| #ifdef HAVE_STRINGS_H
| # include <strings.h>
| #endif
| #ifdef HAVE_INTTYPES_H
| # include <inttypes.h>
| #endif
| #ifdef HAVE_STDINT_H
| # include <stdint.h>
| #endif
| #ifdef HAVE_UNISTD_H
| # include <unistd.h>
| #endif
| #include <minix/config.h>
configure:3642: result: no
configure:3642: checking minix/config.h presence
configure:3642: gcc -E  conftest.c
conftest.c:20:26: fatal error: minix/config.h: No such file or directory
 #include <minix/config.h>
                          ^
compilation terminated.
configure:3642: $? = 1
configure: failed program was:
| /* confdefs.h */
| #define PACKAGE_NAME "libiconv"
| #define PACKAGE_TARNAME "libiconv"
| #define PACKAGE_VERSION "0"
| #define PACKAGE_STRING "libiconv 0"
| #define PACKAGE_BUGREPORT ""
| #define PACKAGE_URL ""
| #define INSTALLPREFIX "/usr/local"
| #define STDC_HEADERS 1
| #define HAVE_SYS_TYPES_H 1
| #define HAVE_SYS_STAT_H 1
| #define HAVE_STDLIB_H 1
| #define HAVE_STRING_H 1
| #define HAVE_MEMORY_H 1
| #define HAVE_STRINGS_H 1
| #define HAVE_INTTYPES_H 1
| #define HAVE_STDINT_H 1
| #define HAVE_UNISTD_H 1
| /* end confdefs.h.  */
| #include <minix/config.h>
configure:3642: result: no
configure:3642: checking for minix/config.h
configure:3642: result: no
configure:3666: checking whether it is safe to define __EXTENSIONS__
configure:3684: gcc -c -g -O2  conftest.c >&5
configure:3684: $? = 0
configure:3691: result: yes
configure:3720: checking whether _XOPEN_SOURCE should be defined
configure:3739: gcc -c -g -O2  conftest.c >&5
configure:3739: $? = 0
configure:3763: result: no
configure:3823: checking how to print strings
configure:3850: result: printf
configure:3871: checking for a sed that does not truncate output
configure:3935: result: /bin/sed
configure:3953: checking for fgrep
configure:4015: result: /bin/grep -F
configure:4050: checking for ld used by gcc
configure:4117: result: /usr/bin/ld
configure:4124: checking if the linker (/usr/bin/ld) is GNU ld
configure:4139: result: yes
configure:4151: checking for BSD- or MS-compatible name lister (nm)
configure:4205: result: /usr/bin/nm -B
configure:4335: checking the name lister (/usr/bin/nm -B) interface
configure:4342: gcc -c -g -O2  conftest.c >&5
configure:4345: /usr/bin/nm -B "conftest.o"
configure:4348: output
0000000000000000 B some_variable
configure:4355: result: BSD nm
configure:4359: checking the maximum length of command line arguments
configure:4490: result: 1572864
configure:4538: checking how to convert x86_64-pc-linux-gnu file names to x86_64-pc-linux-gnu format
configure:4578: result: func_convert_file_noop
configure:4585: checking how to convert x86_64-pc-linux-gnu file names to toolchain format
configure:4605: result: func_convert_file_noop
configure:4612: checking for /usr/bin/ld option to reload object files
configure:4619: result: -r
configure:4693: checking for objdump
configure:4709: found /usr/bin/objdump
configure:4720: result: objdump
configure:4749: checking how to recognize dependent libraries
configure:4949: result: pass_all
configure:5034: checking for dlltool
configure:5064: result: no
configure:5091: checking how to associate runtime and link libraries
configure:5118: result: printf %s\n
configure:5178: checking for ar
configure:5194: found /usr/bin/ar
configure:5205: result: ar
configure:5242: checking for archiver @FILE support
configure:5259: gcc -c -g -O2  conftest.c >&5
configure:5259: $? = 0
configure:5262: ar cru libconftest.a @conftest.lst >&5
configure:5265: $? = 0
configure:5270: ar cru libconftest.a @conftest.lst >&5
ar: conftest.o: No such file or directory
configure:5273: $? = 1
configure:5285: result: @
configure:5343: checking for strip
configure:5359: found /usr/bin/strip
configure:5370: result: strip
configure:5442: checking for ranlib
configure:5458: found /usr/bin/ranlib
configure:5469: result: ranlib
configure:5546: checking for gawk
configure:5562: found /usr/bin/gawk
configure:5573: result: gawk
configure:5613: checking command to parse /usr/bin/nm -B output from gcc object
configure:5766: gcc -c -g -O2  conftest.c >&5
configure:5769: $? = 0
configure:5773: /usr/bin/nm -B conftest.o \| sed -n -e 's/^.*[ ]\([ABCDGIRSTW][ABCDGIRSTW]*\)[ ][ ]*\([_A-Za-z][_A-Za-z0-9]*\)$/\1 \2 \2/p' | sed '/ __gnu_lto/d' \> conftest.nm
configure:5776: $? = 0
configure:5842: gcc -o conftest -g -O2   conftest.c conftstm.o >&5
configure:5845: $? = 0
configure:5883: result: ok
configure:5930: checking for sysroot
configure:5960: result: no
configure:5967: checking for a working dd
configure:6005: result: /bin/dd
configure:6009: checking how to truncate binary pipes
configure:6024: result: /bin/dd bs=4096 count=1
configure:6160: gcc -c -g -O2  conftest.c >&5
configure:6163: $? = 0
configure:6353: checking for mt
configure:6369: found /bin/mt
configure:6380: result: mt
configure:6403: checking if mt is a manifest tool
configure:6409: mt '-?'
configure:6417: result: no
configure:7091: checking for dlfcn.h
configure:7091: gcc -c -g -O2  conftest.c >&5
configure:7091: $? = 0
configure:7091: result: yes
configure:7645: checking for objdir
configure:7660: result: .libs
configure:7924: checking if gcc supports -fno-rtti -fno-exceptions
configure:7942: gcc -c -g -O2  -fno-rtti -fno-exceptions conftest.c >&5
cc1: warning: command line option '-fno-rtti' is valid for C++/ObjC++ but not for C [enabled by default]
configure:7946: $? = 0
configure:7959: result: no
configure:8317: checking for gcc option to produce PIC
configure:8324: result: -fPIC -DPIC
configure:8332: checking if gcc PIC flag -fPIC -DPIC works
configure:8350: gcc -c -g -O2  -fPIC -DPIC -DPIC conftest.c >&5
configure:8354: $? = 0
configure:8367: result: yes
configure:8396: checking if gcc static flag -static works
configure:8424: result: yes
configure:8439: checking if gcc supports -c -o file.o
configure:8460: gcc -c -g -O2  -o out/conftest2.o conftest.c >&5
configure:8464: $? = 0
configure:8486: result: yes
configure:8494: checking if gcc supports -c -o file.o
configure:8541: result: yes
configure:8574: checking whether the gcc linker (/usr/bin/ld -m elf_x86_64) supports shared libraries
configure:9833: result: yes
configure:9870: checking whether -lc should be explicitly linked in
configure:9878: gcc -c -g -O2  conftest.c >&5
configure:9881: $? = 0
configure:9896: gcc -shared  -fPIC -DPIC conftest.o  -v -Wl,-soname -Wl,conftest -o conftest 2\>\&1 \| /bin/grep  -lc  \>/dev/null 2\>\&1
configure:9899: $? = 0
configure:9913: result: no
configure:10073: checking dynamic linker characteristics
configure:10654: gcc -o conftest -g -O2   -Wl,-rpath -Wl,/foo conftest.c  >&5
configure:10654: $? = 0
configure:10891: result: GNU/Linux ld.so
configure:11013: checking how to hardcode library paths into programs
configure:11038: result: immediate
configure:11586: checking whether stripping libraries is possible
configure:11591: result: yes
configure:11626: checking if libtool supports shared libraries
configure:11628: result: yes
configure:11631: checking whether to build shared libraries
configure:11656: result: yes
configure:11659: checking whether to build static libraries
configure:11663: result: no
configure:11705: checking whether the -Werror option is usable
configure:11724: gcc -c -g -O2 -Werror  conftest.c >&5
configure:11724: $? = 0
configure:11733: result: yes
configure:11735: checking for simple visibility declarations
configure:11762: gcc -c -g -O2 -fvisibility=hidden -Werror  conftest.c >&5
configure:11762: $? = 0
configure:11771: result: yes
configure:11948: creating ./config.status

## ---------------------- ##
## Running config.status. ##
## ---------------------- ##

This file was extended by libiconv config.status 0, which was
generated by GNU Autoconf 2.69.  Invocation command line was

  CONFIG_FILES    = 
  CONFIG_HEADERS  = 
  CONFIG_LINKS    = 
  CONFIG_COMMANDS = 
  $ ./config.status 

on cloud

config.status:978: creating Makefile
config.status:1144: executing libtool commands

## ---------------- ##
## Cache variables. ##
## ---------------- ##

ac_cv_build=x86_64-pc-linux-gnu
ac_cv_c_compiler_gnu=yes
ac_cv_env_CC_set=
ac_cv_env_CC_value=
ac_cv_env_CFLAGS_set=
ac_cv_env_CFLAGS_value=
ac_cv_env_CPPFLAGS_set=
ac_cv_env_CPPFLAGS_value=
ac_cv_env_CPP_set=
ac_cv_env_CPP_value=
ac_cv_env_LDFLAGS_set=
ac_cv_env_LDFLAGS_value=
ac_cv_env_LIBS_set=
ac_cv_env_LIBS_value=
ac_cv_env_LT_SYS_LIBRARY_PATH_set=
ac_cv_env_LT_SYS_LIBRARY_PATH_value=
ac_cv_env_build_alias_set=
ac_cv_env_build_alias_value=
ac_cv_env_host_alias_set=
ac_cv_env_host_alias_value=
ac_cv_env_target_alias_set=
ac_cv_env_target_alias_value=
ac_cv_header_dlfcn_h=yes
ac_cv_header_inttypes_h=yes
ac_cv_header_memory_h=yes
ac_cv_header_minix_config_h=no
ac_cv_header_stdc=yes
ac_cv_header_stdint_h=yes
ac_cv_header_stdlib_h=yes
ac_cv_header_string_h=yes
ac_cv_header_strings_h=yes
ac_cv_header_sys_stat_h=yes
ac_cv_header_sys_types_h=yes
ac_cv_header_unistd_h=yes
ac_cv_host=x86_64-pc-linux-gnu
ac_cv_objext=o
ac_cv_path_EGREP='/bin/grep -E'
ac_cv_path_FGREP='/bin/grep -F'
ac_cv_path_GREP=/bin/grep
ac_cv_path_SED=/bin/sed
ac_cv_path_install='/usr/bin/install -c'
ac_cv_path_lt_DD=/bin/dd
ac_cv_prog_AWK=gawk
ac_cv_prog_CPP='gcc -E'
ac_cv_prog_ac_ct_AR=ar
ac_cv_prog_ac_ct_CC=gcc
ac_cv_prog_ac_ct_MANIFEST_TOOL=mt
ac_cv_prog_ac_ct_OBJDUMP=objdump
ac_cv_prog_ac_ct_RANLIB=ranlib
ac_cv_prog_ac_ct_STRIP=strip
ac_cv_prog_cc_c89=
ac_cv_prog_cc_g=yes
ac_cv_prog_make_make_set=no
ac_cv_safe_to_define___extensions__=yes
ac_cv_should_define__xopen_source=no
gl_cv_cc_vis_werror=yes
gl_cv_cc_visibility=yes
lt_cv_ar_at_file=@
lt_cv_archive_cmds_need_lc=no
lt_cv_deplibs_check_method=pass_all
lt_cv_file_magic_cmd='$MAGIC_CMD'
lt_cv_file_magic_test_file=
lt_cv_ld_reload_flag=-r
lt_cv_nm_interface='BSD nm'
lt_cv_objdir=.libs
lt_cv_path_LD=/usr/bin/ld
lt_cv_path_NM='/usr/bin/nm -B'
lt_cv_path_mainfest_tool=no
lt_cv_prog_compiler_c_o=yes
lt_cv_prog_compiler_pic='-fPIC -DPIC'
lt_cv_prog_compiler_pic_works=yes
lt_cv_prog_compiler_rtti_exceptions=no
lt_cv_prog_compiler_static_works=yes
lt_cv_prog_gnu_ld=yes
lt_cv_sharedlib_from_linklib_cmd='printf %s\n'
lt_cv_shlibpath_overrides_runpath=no
lt_cv_sys_global_symbol_pipe='sed -n -e '\''s/^.*[	 ]\([ABCDGIRSTW][ABCDGIRSTW]*\)[	 ][	 ]*\([_A-Za-z][_A-Za-z0-9]*\)$/\1 \2 \2/p'\'' | sed '\''/ __gnu_lto/d'\'''
lt_cv_sys_global_symbol_to_c_name_address='sed -n -e '\''s/^: \(.*\) .*$/  {"\1", (void *) 0},/p'\'' -e '\''s/^[ABCDGIRSTW][ABCDGIRSTW]* .* \(.*\)$/  {"\1", (void *) \&\1},/p'\'''
lt_cv_sys_global_symbol_to_c_name_address_lib_prefix='sed -n -e '\''s/^: \(.*\) .*$/  {"\1", (void *) 0},/p'\'' -e '\''s/^[ABCDGIRSTW][ABCDGIRSTW]* .* \(lib.*\)$/  {"\1", (void *) \&\1},/p'\'' -e '\''s/^[ABCDGIRSTW][ABCDGIRSTW]* .* \(.*\)$/  {"lib\1", (void *) \&\1},/p'\'''
lt_cv_sys_global_symbol_to_cdecl='sed -n -e '\''s/^T .* \(.*\)$/extern int \1();/p'\'' -e '\''s/^[ABCDGIRSTW][ABCDGIRSTW]* .* \(.*\)$/extern char \1;/p'\'''
lt_cv_sys_global_symbol_to_import=
lt_cv_sys_max_cmd_len=1572864
lt_cv_to_host_file_cmd=func_convert_file_noop
lt_cv_to_tool_file_cmd=func_convert_file_noop
lt_cv_truncate_bin='/bin/dd bs=4096 count=1'

## ----------------- ##
## Output variables. ##
## ----------------- ##

AR='ar'
AS='as'
AWK='gawk'
CC='gcc'
CFLAGS='-g -O2'
CFLAG_VISIBILITY='-fvisibility=hidden'
CPP='gcc -E'
CPPFLAGS=''
DEFS='-DPACKAGE_NAME=\"libiconv\" -DPACKAGE_TARNAME=\"libiconv\" -DPACKAGE_VERSION=\"0\" -DPACKAGE_STRING=\"libiconv\ 0\" -DPACKAGE_BUGREPORT=\"\" -DPACKAGE_URL=\"\" -DINSTALLPREFIX=\"/usr/local\" -DSTDC_HEADERS=1 -DHAVE_SYS_TYPES_H=1 -DHAVE_SYS_STAT_H=1 -DHAVE_STDLIB_H=1 -DHAVE_STRING_H=1 -DHAVE_MEMORY_H=1 -DHAVE_STRINGS_H=1 -DHAVE_INTTYPES_H=1 -DHAVE_STDINT_H=1 -DHAVE_UNISTD_H=1 -D__EXTENSIONS__=1 -D_ALL_SOURCE=1 -D_DARWIN_C_SOURCE=1 -D_GNU_SOURCE=1 -D_POSIX_PTHREAD_SEMANTICS=1 -D__STDC_WANT_IEC_60559_ATTRIBS_EXT__=1 -D__STDC_WANT_IEC_60559_BFP_EXT__=1 -D__STDC_WANT_IEC_60559_DFP_EXT__=1 -D__STDC_WANT_IEC_60559_FUNCS_EXT__=1 -D__STDC_WANT_IEC_60559_TYPES_EXT__=1 -D__STDC_WANT_LIB_EXT2__=1 -D__STDC_WANT_MATH_SPEC_FUNCS__=1 -D_TANDEM_SOURCE=1 -DHAVE_DLFCN_H=1 -DLT_OBJDIR=\".libs/\" -DHAVE_VISIBILITY=1'
DLLTOOL='false'
DSYMUTIL=''
DUMPBIN=''
ECHO_C=''
ECHO_N='-n'
ECHO_T=''
EGREP='/bin/grep -E'
EXEEXT=''
FGREP='/bin/grep -F'
GREP='/bin/grep'
HAVE_VISIBILITY='1'
INSTALL_DATA='${INSTALL} -m 644'
INSTALL_PROGRAM='${INSTALL}'
INSTALL_SCRIPT='${INSTALL}'
LD='/usr/bin/ld -m elf_x86_64'
LDFLAGS=''
LIBOBJS=''
LIBS=''
LIBTOOL='/bin/bash $(top_builddir)/libtool'
LIPO=''
LN_S='ln -s'
LTLIBOBJS=''
LT_SYS_LIBRARY_PATH=''
MANIFEST_TOOL=':'
NM='/usr/bin/nm -B'
NMEDIT=''
OBJDUMP='objdump'
OBJEXT='o'
OTOOL64=''
OTOOL=''
PACKAGE_BUGREPORT=''
PACKAGE_NAME='libiconv'
PACKAGE_STRING='libiconv 0'
PACKAGE_TARNAME='libiconv'
PACKAGE_URL=''
PACKAGE_VERSION='0'
PATH_SEPARATOR=':'
PLUGLIB='preloadable_libiconv.so'
RANLIB='ranlib'
RELOCATABLE='no'
SED='/bin/sed'
SET_MAKE='MAKE=make'
SHELL='/bin/bash'
STRIP='strip'
ac_ct_AR='ar'
ac_ct_CC='gcc'
ac_ct_DUMPBIN=''
bindir='${exec_prefix}/bin'
build='x86_64-pc-linux-gnu'
build_alias=''
build_cpu='x86_64'
build_os='linux-gnu'
build_vendor='pc'
datadir='${datarootdir}'
datarootdir='${prefix}/share'
docdir='${datarootdir}/doc/${PACKAGE_TARNAME}'
dvidir='${docdir}'
exec_prefix='${prefix}'
host='x86_64-pc-linux-gnu'
host_alias=''
host_cpu='x86_64'
host_os='linux-gnu'
host_vendor='pc'
htmldir='${docdir}'
includedir='${prefix}/include'
infodir='${datarootdir}/info'
libdir='${exec_prefix}/lib'
libexecdir='${exec_prefix}/libexec'
localedir='${datarootdir}/locale'
localstatedir='${prefix}/var'
mandir='${datarootdir}/man'
oldincludedir='/usr/include'
pdfdir='${docdir}'
prefix='/usr/local'
program_transform_name='s,x,x,'
psdir='${docdir}'
sbindir='${exec_prefix}/sbin'
sharedstatedir='${prefix}/com'
sysconfdir='${prefix}/etc'
target_alias=''

## ----------- ##
## confdefs.h. ##
## ----------- ##

/* confdefs.h */
#define PACKAGE_NAME "libiconv"
#define PACKAGE_TARNAME "libiconv"
#define PACKAGE_VERSION "0"
#define PACKAGE_STRING "libiconv 0"
#define PACKAGE_BUGREPORT ""
#define PACKAGE_URL ""
#define INSTALLPREFIX "/usr/local"
#define STDC_HEADERS 1
#define HAVE_SYS_TYPES_H 1
#define HAVE_SYS_STAT_H 1
#define HAVE_STDLIB_H 1
#define HAVE_STRING_H 1
#define HAVE_MEMORY_H 1
#define HAVE_STRINGS_H 1
#define HAVE_INTTYPES_H 1
#define HAVE_STDINT_H 1
#define HAVE_UNISTD_H 1
#define __EXTENSIONS__ 1
#define _ALL_SOURCE 1
#define _DARWIN_C_SOURCE 1
#define _GNU_SOURCE 1
#define _POSIX_PTHREAD_SEMANTICS 1
#define __STDC_WANT_IEC_60559_ATTRIBS_EXT__ 1
#define __STDC_WANT_IEC_60559_BFP_EXT__ 1
#define __STDC_WANT_IEC_60559_DFP_EXT__ 1
#define __STDC_WANT_IEC_60559_FUNCS_EXT__ 1
#define __STDC_WANT_IEC_60559_TYPES_EXT__ 1
#define __STDC_WANT_LIB_EXT2__ 1
#define __STDC_WANT_MATH_SPEC_FUNCS__ 1
#define _TANDEM_SOURCE 1
#define HAVE_DLFCN_H 1
#define LT_OBJDIR ".libs/"
#define HAVE_VISIBILITY 1

configure: exit 0
